<?xml version="1.0" encoding="UTF-8"?>
<!-- Generated by org.testng.reporters.JUnitReportReporter -->
<testsuite hostname="DESKTOP-LNUQ5F6" name="com.demo.rentalCarsAssignment.CarCompanyTest" tests="5" failures="0" timestamp="15 Dec 2018 07:15:33 GMT" time="6.462" errors="0">
  <testcase name="lowestPriceTest1" time="0.069" classname="com.demo.rentalCarsAssignment.CarCompanyTest"/>
  <testcase name="blueTeslaNegativeTest1" time="6.134" classname="com.demo.rentalCarsAssignment.CarCompanyTest"/>
  <testcase name="blueTeslaPositiveTest1" time="0.085" classname="com.demo.rentalCarsAssignment.CarCompanyTest"/>
  <testcase name="lowestPriceWithDiscountTest1" time="0.097" classname="com.demo.rentalCarsAssignment.CarCompanyTest"/>
  <testcase name="highestRevenueCarTest1" time="0.077" classname="com.demo.rentalCarsAssignment.CarCompanyTest"/>
</testsuite>
